<?xml version="1.0" encoding="UTF-8"?>
<Site BuildName="(empty)"
	BuildStamp="20260126-0134-Experimental"
	Name="ubuntu-virtual-machine"
	Generator="ctest-3.16.3"
	CompilerName="/usr/bin/c++"
	CompilerVersion="9.4.0"
	OSName="Linux"
	Hostname="ubuntu-virtual-machine"
	OSRelease="6.8.0-47-generic"
	OSVersion="#47~22.04.1-Ubuntu SMP PREEMPT_DYNAMIC Wed Oct  2 16:16:55 UTC 2"
	OSPlatform="x86_64"
	Is64Bits="1"
	VendorString="GenuineIntel"
	VendorID="Intel Corporation"
	FamilyID="6"
	ModelID="142"
	ProcessorCacheSize="8192"
	NumberOfLogicalCPU="8"
	NumberOfPhysicalCPU="8"
	TotalVirtualMemory="3898"
	TotalPhysicalMemory="12040"
	LogicalProcessorsPerPhysical="1"
	ProcessorClockFrequency="1992.01"
	>
	<Testing>
		<StartDateTime>Jan 26 01:34 UTC</StartDateTime>
		<StartTestTime>1769391284</StartTestTime>
		<TestList/>
		<EndDateTime>Jan 26 01:34 UTC</EndDateTime>
		<EndTestTime>1769391284</EndTestTime>
		<ElapsedMinutes>0</ElapsedMinutes>
	</Testing>
</Site>
